2023-08-18, 03:54:20.531: room xd created: ["xd"]
2023-08-18, 03:54:20.532: Andr joined to room 'xd' 1
2023-08-18, 03:55:06.479: Andr left from room 'xd' 0
2023-08-18, 03:55:14.606: room hasegawalab created: ["hasegawalab"]
2023-08-18, 03:55:14.606: Rodr joined to room 'hasegawalab' 1
2023-08-18, 03:55:49.037: Rodr left from room 'hasegawalab' 0
2023-08-18, 03:55:52.805: room hasegawalab created: ["hasegawalab"]
2023-08-18, 03:55:52.805: Rodr joined to room 'hasegawalab' 1
2023-08-18, 03:55:55.748: fdg joined to room 'hasegawalab' 2
2023-08-18, 13:27:20.697: room hola created: ["hola"]
2023-08-18, 13:27:20.698: Rodr joined to room 'hola' 1
2023-08-18, 13:27:39.034: hg joined to room 'hola' 2
2023-08-18, 13:27:55.321: hg left from room 'hola' 1
2023-08-18, 13:27:58.413: Rodr left from room 'hola' 0
2023-08-18, 14:17:08.099: room hola created: ["hola"]
2023-08-18, 14:17:08.100: Rodr joined to room 'hola' 1
2023-08-18, 14:17:14.614: Rodr left from room 'hola' 0
2023-08-18, 14:18:50.269: room hola created: ["hola"]
2023-08-18, 14:18:50.269: Rodr joined to room 'hola' 1
2023-08-18, 14:19:04.445: Rodr left from room 'hola' 0
2023-08-18, 14:19:56.188: room hola created: ["hola"]
2023-08-18, 14:19:56.188: Rodr joined to room 'hola' 1
2023-08-18, 14:34:17.476: room hola created: ["hola"]
2023-08-18, 14:34:17.477: Rodr joined to room 'hola' 1
2023-08-18, 14:41:02.172: room hola created: ["hola"]
2023-08-18, 14:41:02.173: Rodr joined to room 'hola' 1
2023-08-18, 14:46:22.524: room hola created: ["hola"]
2023-08-18, 14:46:22.525: Rodr joined to room 'hola' 1
2023-08-18, 14:50:18.641: room hola created: ["hola"]
2023-08-18, 14:50:18.642: Rodr joined to room 'hola' 1
2023-08-18, 14:54:40.949: room hola created: ["hola"]
2023-08-18, 14:54:40.949: Rodr joined to room 'hola' 1
2023-08-18, 15:05:06.892: room hola created: ["hola"]
2023-08-18, 15:05:06.893: Rodr joined to room 'hola' 1
2023-08-18, 15:09:59.086: room hola created: ["hola"]
2023-08-18, 15:09:59.087: Rodr joined to room 'hola' 1
2023-08-18, 15:16:34.211: room hola created: ["hola"]
2023-08-18, 15:16:34.212: Rodr joined to room 'hola' 1
2023-08-19, 02:57:07.658: Rodr left from room 'hola' 0
2023-08-19, 02:57:10.099: room hola created: ["hola"]
2023-08-19, 02:57:10.100: Rodr joined to room 'hola' 1
2023-08-19, 03:00:08.017: room hola created: ["hola"]
2023-08-19, 03:00:08.019: Rodr joined to room 'hola' 1
2023-08-19, 03:05:57.001: Rodr left from room 'hola' 0
2023-08-19, 03:06:01.376: room hola created: ["hola"]
2023-08-19, 03:06:01.376: Rodr joined to room 'hola' 1
2023-08-19, 03:09:13.266: room hola created: ["hola"]
2023-08-19, 03:09:13.267: Rodr joined to room 'hola' 1
2023-08-19, 03:20:13.100: room hola created: ["hola"]
2023-08-19, 03:20:13.101: Rodr joined to room 'hola' 1
2023-08-19, 03:20:19.274: Rodr left from room 'hola' 0
2023-08-19, 03:20:21.505: room hola created: ["hola"]
2023-08-19, 03:20:21.505: Rodr joined to room 'hola' 1
2023-08-19, 03:21:03.573: Rodr left from room 'hola' 0
2023-08-19, 03:21:05.563: room hola created: ["hola"]
2023-08-19, 03:21:05.563: Rodr joined to room 'hola' 1
2023-08-19, 03:24:07.266: room _ created: ["_"]
2023-08-19, 03:24:07.266: Rodr joined to room '_' 1
2023-08-19, 03:25:42.055: Rodr left from room '_' 0
2023-08-19, 03:25:44.777: room hola created: ["hola"]
2023-08-19, 03:25:44.777: Rodr joined to room 'hola' 1
2023-08-19, 03:28:48.911: room hola created: ["hola"]
2023-08-19, 03:28:48.912: Rodr joined to room 'hola' 1
2023-08-19, 03:34:46.915: Rodr left from room 'hola' 0
2023-08-19, 03:34:52.095: room hola created: ["hola"]
2023-08-19, 03:34:52.095: Rodr joined to room 'hola' 1
2023-08-19, 03:38:22.213: room hola created: ["hola"]
2023-08-19, 03:38:22.214: Rodr joined to room 'hola' 1
2023-08-19, 03:56:11.076: room hola created: ["hola"]
2023-08-19, 03:56:11.080: Rodr joined to room 'hola' 1
2023-08-19, 04:00:33.864: room hola created: ["hola"]
2023-08-19, 04:00:33.865: Rodr joined to room 'hola' 1
2023-08-19, 04:02:35.206: Rodr left from room 'hola' 0
2023-08-19, 04:02:37.707: room hola created: ["hola"]
2023-08-19, 04:02:37.707: Rodr joined to room 'hola' 1
2023-08-19, 04:18:25.506: room hola created: ["hola"]
2023-08-19, 04:18:25.507: Rodr joined to room 'hola' 1
2023-08-19, 04:21:22.005: Rodr left from room 'hola' 0
2023-08-19, 04:21:24.099: room hola created: ["hola"]
2023-08-19, 04:21:24.099: Rodr joined to room 'hola' 1
2023-08-19, 04:22:19.867: rd joined to room 'hola' 2
2023-08-19, 04:31:48.449: Rodr left from room 'hola' 1
2023-08-19, 04:36:43.172: room hola created: ["hola"]
2023-08-19, 04:36:43.173: rd joined to room 'hola' 1
2023-08-19, 04:37:17.767: room ho created: ["hola","ho"]
2023-08-19, 04:37:17.768: Rodr joined to room 'ho' 1
2023-08-19, 04:37:24.622: rd left from room 'hola' 0
2023-08-19, 04:37:49.953: Rodr left from room 'ho' 0
2023-08-19, 04:37:52.960: room ho created: ["ho"]
2023-08-19, 04:37:52.960: mjj joined to room 'ho' 1
2023-08-19, 04:41:32.931: room ho created: ["ho"]
2023-08-19, 04:41:32.932: mjj joined to room 'ho' 1
2023-08-19, 04:49:24.561: mjj left from room 'ho' 0
2023-08-19, 04:49:26.997: room ho created: ["ho"]
2023-08-19, 04:49:26.998: mjj joined to room 'ho' 1
2023-08-19, 04:49:30.824: mjj left from room 'ho' 0
2023-08-19, 04:49:34.201: room ho created: ["ho"]
2023-08-19, 04:49:34.202: kk joined to room 'ho' 1
2023-08-19, 04:55:49.741: room ho created: ["ho"]
2023-08-19, 04:55:49.741: kk joined to room 'ho' 1
2023-08-19, 05:03:47.189: room ho created: ["ho"]
2023-08-19, 05:03:47.190: kk joined to room 'ho' 1
2023-08-19, 05:15:04.790: room ho created: ["ho"]
2023-08-19, 05:15:04.791: kk joined to room 'ho' 1
2023-08-19, 05:16:46.737: kk left from room 'ho' 0
2023-08-19, 05:17:23.913: room ho created: ["ho"]
2023-08-19, 05:17:23.913: kk joined to room 'ho' 1
2023-08-19, 05:30:14.032: room ho created: ["ho"]
2023-08-19, 05:30:14.033: kk joined to room 'ho' 1
2023-08-19, 05:43:45.740: room ho created: ["ho"]
2023-08-19, 05:43:45.741: kk joined to room 'ho' 1
2023-08-19, 05:48:09.879: room ho created: ["ho"]
2023-08-19, 05:48:09.882: kk joined to room 'ho' 1
2023-08-19, 05:48:52.312: kk left from room 'ho' 0
2023-08-19, 05:57:22.580: room ho created: ["ho"]
2023-08-19, 05:57:22.581: kk joined to room 'ho' 1
2023-08-19, 06:01:14.271: room ho created: ["ho"]
2023-08-19, 06:01:14.272: kk joined to room 'ho' 1
2023-08-19, 06:33:05.798: room ho created: ["ho"]
2023-08-19, 06:33:05.799: kk joined to room 'ho' 1
2023-08-19, 06:48:49.962: room ho created: ["ho"]
2023-08-19, 06:48:49.962: kk joined to room 'ho' 1
2023-08-19, 06:48:56.813: kk left from room 'ho' 0
2023-08-19, 06:53:53.671: room ho created: ["ho"]
2023-08-19, 06:53:53.672: kk joined to room 'ho' 1
2023-08-19, 06:57:50.963: room ho created: ["ho"]
2023-08-19, 06:57:50.964: kk joined to room 'ho' 1
2023-08-19, 07:08:01.241: room ho created: ["ho"]
2023-08-19, 07:08:01.241: kk joined to room 'ho' 1
2023-08-19, 07:25:57.775: room ho created: ["ho"]
2023-08-19, 07:25:57.776: kk joined to room 'ho' 1
2023-08-19, 07:30:02.909: room ho created: ["ho"]
2023-08-19, 07:30:02.910: kk joined to room 'ho' 1
2023-08-19, 07:33:08.385: room ho created: ["ho"]
2023-08-19, 07:33:08.386: kk joined to room 'ho' 1
2023-08-19, 07:37:57.149: room ho created: ["ho"]
2023-08-19, 07:37:57.150: kk joined to room 'ho' 1
2023-08-19, 08:38:59.339: room ho created: ["ho"]
2023-08-19, 08:38:59.340: kk joined to room 'ho' 1
2023-08-19, 12:34:41.473: room ho created: ["ho"]
2023-08-19, 12:34:41.474: kk joined to room 'ho' 1
2023-08-19, 12:40:34.635: room ho created: ["ho"]
2023-08-19, 12:40:34.636: kk joined to room 'ho' 1
2023-08-19, 12:50:49.184: room ho created: ["ho"]
2023-08-19, 12:50:49.184: kk joined to room 'ho' 1
2023-08-19, 13:01:24.930: kk left from room 'ho' 0
2023-08-19, 13:01:29.012: room ho created: ["ho"]
2023-08-19, 13:01:29.012: kjkj joined to room 'ho' 1
2023-08-19, 13:04:59.741: room ho created: ["ho"]
2023-08-19, 13:04:59.742: kjkj joined to room 'ho' 1
2023-08-19, 13:05:43.693: kjkj left from room 'ho' 0
2023-08-19, 13:05:57.234: room ho created: ["ho"]
2023-08-19, 13:05:57.235: rod joined to room 'ho' 1
2023-08-19, 13:06:11.482: kjkj joined to room 'ho' 2
2023-08-19, 13:10:58.400: room ho created: ["ho"]
2023-08-19, 13:10:58.400: kjkj joined to room 'ho' 1
2023-08-19, 13:15:51.918: room ho created: ["ho"]
2023-08-19, 13:15:51.919: kjkj joined to room 'ho' 1
2023-08-19, 13:18:54.985: room ho created: ["ho"]
2023-08-19, 13:18:54.987: kjkj joined to room 'ho' 1
2023-08-19, 13:32:49.461: room ho created: ["ho"]
2023-08-19, 13:32:49.461: kjkj joined to room 'ho' 1
2023-08-19, 13:35:42.890: room ho created: ["ho"]
2023-08-19, 13:35:42.891: kjkj joined to room 'ho' 1
2023-08-19, 13:35:43.457: kjkj left from room 'ho' 0
2023-08-19, 13:35:46.329: room ho created: ["ho"]
2023-08-19, 13:35:46.329: kjkj joined to room 'ho' 1
2023-08-19, 13:39:38.319: room ho created: ["ho"]
2023-08-19, 13:39:38.320: kjkj joined to room 'ho' 1
2023-08-19, 13:40:41.649: kjkj left from room 'ho' 0
2023-08-19, 13:40:44.662: room ho created: ["ho"]
2023-08-19, 13:40:44.662: kjkj joined to room 'ho' 1
2023-08-19, 13:41:34.390: kjkj left from room 'ho' 0
2023-08-19, 13:41:38.013: room RoomInfo.json created: ["RoomInfo.json"]
2023-08-19, 13:41:38.013: kjkj joined to room 'RoomInfo.json' 1
2023-08-19, 13:43:31.698: kjkj left from room 'RoomInfo.json' 0
2023-08-19, 13:43:38.887: room user.json created: ["user.json"]
2023-08-19, 13:43:38.887: kjkj joined to room 'user.json' 1
2023-08-19, 13:49:13.778: room user created: ["user"]
2023-08-19, 13:49:13.779: kjkj joined to room 'user' 1
2023-08-19, 13:53:06.532: room user created: ["user"]
2023-08-19, 13:53:06.532: kjkj joined to room 'user' 1
2023-08-19, 13:53:55.311: kjkj left from room 'user' 0
2023-08-19, 13:53:58.309: room fgfdhfg created: ["fgfdhfg"]
2023-08-19, 13:53:58.310: kjkj joined to room 'fgfdhfg' 1
2023-08-19, 13:54:22.662: kjkj left from room 'fgfdhfg' 0
2023-08-19, 13:54:26.726: room ho created: ["ho"]
2023-08-19, 13:54:26.726: kjkj joined to room 'ho' 1
2023-08-19, 13:55:37.169: kjkj left from room 'ho' 0
2023-08-19, 13:55:42.202: room prueba created: ["prueba"]
2023-08-19, 13:55:42.203: kjkj joined to room 'prueba' 1
2023-08-19, 13:56:21.605: kjkj left from room 'prueba' 0
2023-08-19, 13:56:24.490: room prueba created: ["prueba"]
2023-08-19, 13:56:24.491: kjkj joined to room 'prueba' 1
2023-08-19, 13:57:06.048: kjkj left from room 'prueba' 0
2023-08-19, 13:57:10.715: room rodrigo created: ["rodrigo"]
2023-08-19, 13:57:10.715: kjkj joined to room 'rodrigo' 1
2023-08-19, 14:01:57.502: kjkj left from room 'rodrigo' 0
2023-08-19, 14:02:31.765: room prueba created: ["prueba"]
2023-08-19, 14:02:31.765: kjkj joined to room 'prueba' 1
2023-08-19, 14:03:05.312: kjkj left from room 'prueba' 0
2023-08-19, 14:03:08.079: room prueba created: ["prueba"]
2023-08-19, 14:03:08.080: kjkj joined to room 'prueba' 1
2023-08-19, 14:08:14.427: room prueba created: ["prueba"]
2023-08-19, 14:08:14.427: kjkj joined to room 'prueba' 1
2023-08-19, 14:08:24.471: kjkj left from room 'prueba' 0
2023-08-19, 14:08:27.089: room _ created: ["_"]
2023-08-19, 14:08:27.089: kjkj joined to room '_' 1
2023-08-19, 14:08:33.485: kjkj left from room '_' 0
2023-08-19, 14:08:38.526: room user created: ["user"]
2023-08-19, 14:08:38.526: kjkj joined to room 'user' 1
2023-08-19, 14:08:58.403: kjkj left from room 'user' 0
2023-08-19, 14:09:02.645: room RoomInfo created: ["RoomInfo"]
2023-08-19, 14:09:02.645: kjkj joined to room 'RoomInfo' 1
2023-08-19, 14:11:57.349: room RoomInfo created: ["RoomInfo"]
2023-08-19, 14:11:57.350: kjkj joined to room 'RoomInfo' 1
2023-08-19, 14:15:11.274: room RoomInfo created: ["RoomInfo"]
2023-08-19, 14:15:11.274: kjkj joined to room 'RoomInfo' 1
2023-08-19, 14:26:50.414: room RoomInfo created: ["RoomInfo"]
2023-08-19, 14:26:50.414: kjkj joined to room 'RoomInfo' 1
2023-08-19, 14:36:03.222: room RoomInfo created: ["RoomInfo"]
2023-08-19, 14:36:03.223: kjkj joined to room 'RoomInfo' 1
2023-08-19, 14:40:22.011: room RoomInfo created: ["RoomInfo"]
2023-08-19, 14:40:22.012: kjkj joined to room 'RoomInfo' 1
2023-08-19, 14:43:55.426: room RoomInfo created: ["RoomInfo"]
2023-08-19, 14:43:55.427: kjkj joined to room 'RoomInfo' 1
2023-08-19, 14:59:24.750: room RoomInfo created: ["RoomInfo"]
2023-08-19, 14:59:24.750: kjkj joined to room 'RoomInfo' 1
2023-08-19, 15:08:37.837: room hola created: ["hola"]
2023-08-19, 15:08:37.838: kjkj joined to room 'hola' 1
2023-08-19, 15:08:37.846: fgfd joined to room 'hola' 2
2023-08-19, 15:08:45.898: fgfd left from room 'hola' 1
2023-08-19, 15:08:48.860: fgfd joined to room 'hola' 2
2023-08-19, 15:08:55.383: kjkj left from room 'hola' 1
2023-08-19, 15:08:57.682: kjkj joined to room 'hola' 2
2023-08-19, 15:09:05.474: fgfd left from room 'hola' 1
2023-08-19, 15:09:08.986: kjkj left from room 'hola' 0
2023-08-19, 15:15:20.089: room RoomInfo created: ["RoomInfo"]
2023-08-19, 15:15:20.089: kjkj joined to room 'RoomInfo' 1
2023-08-19, 15:16:43.794: dsa joined to room 'RoomInfo' 2
2023-08-19, 15:16:54.411: dsa joined to room 'RoomInfo' 2
2023-08-19, 15:17:16.731: dsa joined to room 'RoomInfo' 2
2023-08-19, 19:54:14.745: room RoomInfo created: ["RoomInfo"]
2023-08-19, 19:54:14.746: kjkj joined to room 'RoomInfo' 1
2023-08-19, 19:54:19.630: dfs joined to room 'RoomInfo' 2
2023-08-19, 19:58:22.005: room RoomInfo created: ["RoomInfo"]
2023-08-19, 19:58:22.006: kjkj joined to room 'RoomInfo' 1
2023-08-19, 19:58:22.961: kjkj joined to room 'RoomInfo' 1
2023-08-19, 20:00:21.080: ghfg joined to room 'RoomInfo' 2
2023-08-19, 20:00:22.130: ghfg joined to room 'RoomInfo' 2
2023-08-19, 21:23:35.140: ghfg left from room 'RoomInfo' 1
2023-08-19, 22:18:11.180: room RoomInfo created: ["RoomInfo"]
2023-08-19, 22:18:11.181: kjkj joined to room 'RoomInfo' 1
2023-08-19, 22:25:57.933: room RoomInfo created: ["RoomInfo"]
2023-08-19, 22:25:57.934: kjkj joined to room 'RoomInfo' 1
2023-08-19, 22:28:57.920: room RoomInfo created: ["RoomInfo"]
2023-08-19, 22:28:57.920: kjkj joined to room 'RoomInfo' 1
2023-08-19, 22:37:17.168: room RoomInfo created: ["RoomInfo"]
2023-08-19, 22:37:17.168: kjkj joined to room 'RoomInfo' 1
2023-08-19, 22:38:06.210: sdas joined to room 'RoomInfo' 2
2023-08-19, 22:44:33.850: room RoomInfo created: ["RoomInfo"]
2023-08-19, 22:44:33.850: kjkj joined to room 'RoomInfo' 1
2023-08-19, 22:44:34.946: kjkj joined to room 'RoomInfo' 1
2023-08-19, 22:44:53.437: dgg joined to room 'RoomInfo' 2
2023-08-19, 22:44:54.298: dgg joined to room 'RoomInfo' 2
2023-08-19, 22:45:03.829: dgg left from room 'RoomInfo' 1
2023-08-19, 22:46:55.124: kjkj left from room 'RoomInfo' 0
2023-08-19, 22:46:57.679: room RoomInfo created: ["RoomInfo"]
2023-08-19, 22:46:57.680: kjkj joined to room 'RoomInfo' 1
2023-08-19, 22:46:58.708: kjkj joined to room 'RoomInfo' 1
2023-08-19, 23:08:55.238: room RoomInfo created: ["RoomInfo"]
2023-08-19, 23:08:55.239: kjkj joined to room 'RoomInfo' 1
2023-08-19, 23:09:09.459: dfsd joined to room 'RoomInfo' 2
2023-08-19, 23:09:18.494: dfsd joined to room 'RoomInfo' 2
2023-08-19, 23:09:39.478: kjkj joined to room 'RoomInfo' 2
2023-08-19, 23:10:08.287: kjkj joined to room 'RoomInfo' 2
2023-08-19, 23:10:19.361: dfsd joined to room 'RoomInfo' 2
2023-08-19, 23:11:08.967: room RoomInfo created: ["RoomInfo"]
2023-08-19, 23:11:08.967: dfsd joined to room 'RoomInfo' 1
2023-08-19, 23:11:17.133: kjkj joined to room 'RoomInfo' 2
2023-08-19, 23:17:15.144: room RoomInfo created: ["RoomInfo"]
2023-08-19, 23:17:15.144: rodr joined to room 'RoomInfo' 1
2023-08-19, 23:17:30.697: migu joined to room 'RoomInfo' 2
2023-08-19, 23:17:35.675: migu left from room 'RoomInfo' 1
2023-08-19, 23:20:38.227: room RoomInfo created: ["RoomInfo"]
2023-08-19, 23:20:38.228: rodr joined to room 'RoomInfo' 1
2023-08-19, 23:20:55.842: migu joined to room 'RoomInfo' 2
2023-08-19, 23:24:06.467: room RoomInfo created: ["RoomInfo"]
2023-08-19, 23:24:06.468: rodr joined to room 'RoomInfo' 1
2023-08-19, 23:49:10.066: room RoomInfo created: ["RoomInfo"]
2023-08-19, 23:49:10.067: rodr joined to room 'RoomInfo' 1
2023-08-19, 23:50:39.565: sfds joined to room 'RoomInfo' 2
2023-08-19, 23:54:02.306: room RoomInfo created: ["RoomInfo"]
2023-08-19, 23:54:02.306: sfds joined to room 'RoomInfo' 1
2023-08-19, 23:54:02.309: rodr joined to room 'RoomInfo' 2
2023-08-19, 23:54:07.648: dhgj joined to room 'RoomInfo' 2
2023-08-20, 00:04:09.250: room RoomInfo created: ["RoomInfo"]
2023-08-20, 00:04:09.251: rodr joined to room 'RoomInfo' 1
2023-08-20, 00:09:31.236: room RoomInfo created: ["RoomInfo"]
2023-08-20, 00:09:31.237: rodr joined to room 'RoomInfo' 1
2023-08-20, 00:18:08.346: room RoomInfo created: ["RoomInfo"]
2023-08-20, 00:18:08.347: rodr joined to room 'RoomInfo' 1
2023-08-20, 00:22:26.870: room RoomInfo created: ["RoomInfo"]
2023-08-20, 00:22:26.871: rodr joined to room 'RoomInfo' 1
2023-08-20, 00:27:25.380: room RoomInfo created: ["RoomInfo"]
2023-08-20, 00:27:25.381: rodr joined to room 'RoomInfo' 1
2023-08-20, 00:27:27.603: rodr joined to room 'RoomInfo' 1
2023-08-20, 00:27:29.026: rodr left from room 'RoomInfo' 0
2023-08-20, 00:27:31.215: room RoomInfo created: ["RoomInfo"]
2023-08-20, 00:27:31.216: rodr joined to room 'RoomInfo' 1
2023-08-20, 00:27:32.525: rodr joined to room 'RoomInfo' 1
2023-08-20, 00:27:51.743: mm joined to room 'RoomInfo' 2
2023-08-20, 00:27:53.128: mm joined to room 'RoomInfo' 2
2023-08-20, 00:27:58.637: mm left from room 'RoomInfo' 1
2023-08-20, 00:28:01.210: rodr left from room 'RoomInfo' 0
2023-08-20, 00:28:14.450: room _ created: ["_"]
2023-08-20, 00:28:14.450: rodr joined to room '_' 1
2023-08-20, 00:28:28.778: room RoomInfo created: ["_","RoomInfo"]
2023-08-20, 00:28:28.778: mm joined to room 'RoomInfo' 1
2023-08-20, 00:28:30.428: mm joined to room 'RoomInfo' 1
2023-08-20, 00:28:34.366: mm left from room 'RoomInfo' 0
2023-08-20, 00:28:37.923: room RoomInfo created: ["_","RoomInfo"]
2023-08-20, 00:28:37.923: jjh joined to room 'RoomInfo' 1
2023-08-20, 00:28:39.574: jjh joined to room 'RoomInfo' 1
2023-08-20, 00:28:42.653: rodr left from room '_' 0
2023-08-20, 00:28:45.043: rodr joined to room 'RoomInfo' 2
2023-08-20, 00:28:46.663: rodr joined to room 'RoomInfo' 2
2023-08-20, 00:28:51.309: jjh left from room 'RoomInfo' 1
2023-08-20, 00:31:31.600: rodr left from room 'RoomInfo' 0
2023-08-20, 00:31:36.283: room hola created: ["hola"]
2023-08-20, 00:31:36.283: rodr joined to room 'hola' 1
2023-08-20, 00:31:45.342: dggh joined to room 'hola' 2
2023-08-20, 00:31:51.279: dggh left from room 'hola' 1
2023-08-20, 00:31:54.867: rodr left from room 'hola' 0
